<?xml version="1.0" encoding="UTF-8"?>
<!-- Generated by org.testng.reporters.JUnitXMLReporter -->
<testsuite ignored="0" hostname="LAPTOP-BB9F7VSV" failures="0" tests="14" name="chromeTest" time="168.409" errors="0" timestamp="2024-03-11T15:07:55 IST">
  <testcase classname="com.qa.testcases.RegistrationTestCases" name="testCase_001" time="2.967"/>
  <testcase classname="com.qa.testcases.RegistrationTestCases" name="testCase_002" time="2.151"/>
  <testcase classname="com.qa.testcases.RegistrationTestCases" name="testCase_003" time="0.735"/>
  <testcase classname="com.qa.testcases.RegistrationTestCases" name="testCase_004" time="2.23"/>
  <testcase classname="com.qa.testcases.RegistrationTestCases" name="testCase_005" time="2.113"/>
  <testcase classname="com.qa.testcases.RegistrationTestCases" name="testCase_006" time="1.724"/>
  <testcase classname="com.qa.testcases.RegistrationTestCases" name="testCase_007" time="2.989"/>
  <testcase classname="com.qa.testcases.RegistrationTestCases" name="testCase_008" time="2.465"/>
  <testcase classname="com.qa.testcases.RegistrationTestCases" name="testCase_009" time="1.694"/>
  <testcase classname="com.qa.testcases.RegistrationTestCases" name="testCase_010" time="1.753"/>
  <testcase classname="com.qa.testcases.RegistrationTestCases" name="testCase_012" time="1.583"/>
  <testcase classname="com.qa.testcases.RegistrationTestCases" name="testCase_013" time="1.512"/>
  <testcase classname="com.qa.testcases.RegistrationTestCases" name="testCase_014" time="0.661"/>
  <testcase classname="com.qa.testcases.RegistrationTestCases" name="testCase_015" time="0.616"/>
</testsuite> <!-- chromeTest -->
