<?xml version="1.0" encoding="UTF-8"?>
<!-- Generated by org.testng.reporters.JUnitXMLReporter -->
<testsuite ignored="11" hostname="LAPTOP-BB9F7VSV" failures="0" tests="1" name="Test" time="11.221" errors="0" timestamp="2024-03-11T20:30:35 IST">
  <testcase classname="com.qa.testcases.LoginPageTestCases" name="testCase_012" time="0.641"/>
  <testcase classname="com.qa.testcases.LoginPageTestCases" name="testCase_002" time="0.0">
    <ignored/>
  </testcase> <!-- testCase_002 -->
  <testcase classname="com.qa.testcases.LoginPageTestCases" name="testCase_013" time="0.0">
    <ignored/>
  </testcase> <!-- testCase_013 -->
  <testcase classname="com.qa.testcases.LoginPageTestCases" name="testCase_003" time="0.0">
    <ignored/>
  </testcase> <!-- testCase_003 -->
  <testcase classname="com.qa.testcases.LoginPageTestCases" name="testCase_011" time="0.0">
    <ignored/>
  </testcase> <!-- testCase_011 -->
  <testcase classname="com.qa.testcases.LoginPageTestCases" name="testCase_001" time="0.0">
    <ignored/>
  </testcase> <!-- testCase_001 -->
  <testcase classname="com.qa.testcases.LoginPageTestCases" name="testCase_006" time="0.0">
    <ignored/>
  </testcase> <!-- testCase_006 -->
  <testcase classname="com.qa.testcases.LoginPageTestCases" name="testCase_007" time="0.0">
    <ignored/>
  </testcase> <!-- testCase_007 -->
  <testcase classname="com.qa.testcases.LoginPageTestCases" name="testCase_004" time="0.0">
    <ignored/>
  </testcase> <!-- testCase_004 -->
  <testcase classname="com.qa.testcases.LoginPageTestCases" name="testCase_005" time="0.0">
    <ignored/>
  </testcase> <!-- testCase_005 -->
  <testcase classname="com.qa.testcases.LoginPageTestCases" name="testCase_008" time="0.0">
    <ignored/>
  </testcase> <!-- testCase_008 -->
  <testcase classname="com.qa.testcases.LoginPageTestCases" name="testCase_009" time="0.0">
    <ignored/>
  </testcase> <!-- testCase_009 -->
</testsuite> <!-- Test -->
