<?xml version="1.0" encoding="UTF-8"?>
<testng-results ignored="11" total="12" passed="1" failed="0" skipped="0">
  <reporter-output>
  </reporter-output>
  <suite started-at="2024-03-11T20:30:23 IST" name="Suite" finished-at="2024-03-11T20:30:35 IST" duration-ms="11221">
    <groups>
    </groups>
    <test started-at="2024-03-11T20:30:23 IST" name="Test" finished-at="2024-03-11T20:30:35 IST" duration-ms="11221">
      <class name="com.qa.testcases.LoginPageTestCases">
        <test-method is-config="true" signature="configBeforeMathod(java.lang.String,java.lang.String)[pri:0, instance:com.qa.testcases.LoginPageTestCases@61df66b6]" started-at="2024-03-11T20:30:24 IST" name="configBeforeMathod" finished-at="2024-03-11T20:30:29 IST" duration-ms="4962" status="PASS">
          <params>
            <param index="0">
              <value>
                <![CDATA[chrome]]>
              </value>
            </param>
            <param index="1">
              <value>
                <![CDATA[https://demowebshop.tricentis.com/]]>
              </value>
            </param>
          </params>
          <reporter-output>
          </reporter-output>
        </test-method> <!-- configBeforeMathod -->
        <test-method signature="testCase_012()[pri:0, instance:com.qa.testcases.LoginPageTestCases@61df66b6]" started-at="2024-03-11T20:30:29 IST" name="testCase_012" finished-at="2024-03-11T20:30:29 IST" duration-ms="641" status="PASS">
          <reporter-output>
          </reporter-output>
        </test-method> <!-- testCase_012 -->
        <test-method is-config="true" signature="configAfterMethod()[pri:0, instance:com.qa.testcases.LoginPageTestCases@61df66b6]" started-at="2024-03-11T20:30:29 IST" name="configAfterMethod" finished-at="2024-03-11T20:30:35 IST" duration-ms="5532" status="PASS">
          <reporter-output>
          </reporter-output>
        </test-method> <!-- configAfterMethod -->
      </class> <!-- com.qa.testcases.LoginPageTestCases -->
    </test> <!-- Test -->
  </suite> <!-- Suite -->
</testng-results>
